<?xml version="1.0" encoding="UTF-8"?>
<testng-results ignored="0" total="1" passed="1" failed="0" skipped="0">
  <reporter-output>
  </reporter-output>
  <suite started-at="2022-09-24T17:20:50 EET" name="Default suite" finished-at="2022-09-24T17:21:01 EET" duration-ms="10544">
    <groups>
    </groups>
    <test started-at="2022-09-24T17:20:50 EET" name="Default test" finished-at="2022-09-24T17:21:01 EET" duration-ms="10544">
      <class name="NagwaTest">
        <test-method signature="test_search()[pri:0, instance:NagwaTest@419c5f1a]" started-at="2022-09-24T17:20:50 EET" name="test_search" finished-at="2022-09-24T17:21:01 EET" duration-ms="10490" status="PASS">
          <reporter-output>
          </reporter-output>
        </test-method> <!-- test_search -->
      </class> <!-- NagwaTest -->
    </test> <!-- Default test -->
  </suite> <!-- Default suite -->
</testng-results>
